2022/02/25 11:03:44 [notice] 1#1: using the "epoll" event method
2022/02/25 11:03:44 [notice] 1#1: nginx/1.21.6
2022/02/25 11:03:44 [notice] 1#1: built by gcc 10.2.1 20210110 (Debian 10.2.1-6) 
2022/02/25 11:03:44 [notice] 1#1: OS: Linux 5.13.0-28-generic
2022/02/25 11:03:44 [notice] 1#1: getrlimit(RLIMIT_NOFILE): 1048576:1048576
2022/02/25 11:03:44 [notice] 1#1: start worker processes
2022/02/25 11:03:44 [notice] 1#1: start worker process 12
2022/02/25 11:03:44 [notice] 1#1: start worker process 13
2022/02/25 11:03:44 [notice] 1#1: start worker process 14
2022/02/25 11:03:44 [notice] 1#1: start worker process 15
2022/02/25 11:04:28 [error] 13#13: *1 open() "/usr/share/nginx/html/error" failed (2: No such file or directory), client: 172.19.0.1, server: localhost, request: "GET /error HTTP/1.1", host: "localhost:8080"
2022/02/25 11:05:19 [notice] 17#17: signal process started
2022/02/25 11:05:19 [notice] 1#1: signal 1 (SIGHUP) received from 17, reconfiguring
2022/02/25 11:05:19 [notice] 1#1: reconfiguring
2022/02/25 11:05:19 [notice] 1#1: using the "epoll" event method
2022/02/25 11:05:19 [notice] 1#1: start worker processes
2022/02/25 11:05:19 [notice] 1#1: start worker process 18
2022/02/25 11:05:19 [notice] 1#1: start worker process 19
2022/02/25 11:05:19 [notice] 1#1: start worker process 20
2022/02/25 11:05:19 [notice] 1#1: start worker process 21
2022/02/25 11:05:19 [notice] 12#12: gracefully shutting down
2022/02/25 11:05:19 [notice] 12#12: exiting
2022/02/25 11:05:19 [notice] 12#12: exit
2022/02/25 11:05:19 [notice] 13#13: gracefully shutting down
2022/02/25 11:05:19 [notice] 13#13: exiting
2022/02/25 11:05:19 [notice] 13#13: exit
2022/02/25 11:05:19 [notice] 15#15: gracefully shutting down
2022/02/25 11:05:19 [notice] 15#15: exiting
2022/02/25 11:05:19 [notice] 15#15: exit
2022/02/25 11:05:19 [notice] 14#14: gracefully shutting down
2022/02/25 11:05:19 [notice] 14#14: exiting
2022/02/25 11:05:19 [notice] 14#14: exit
2022/02/25 11:05:19 [notice] 1#1: signal 17 (SIGCHLD) received from 12
2022/02/25 11:05:19 [notice] 1#1: worker process 12 exited with code 0
2022/02/25 11:05:19 [notice] 1#1: worker process 14 exited with code 0
2022/02/25 11:05:19 [notice] 1#1: worker process 15 exited with code 0
2022/02/25 11:05:19 [notice] 1#1: signal 29 (SIGIO) received
2022/02/25 11:05:19 [notice] 1#1: signal 17 (SIGCHLD) received from 14
2022/02/25 11:05:19 [notice] 1#1: signal 17 (SIGCHLD) received from 13
2022/02/25 11:05:19 [notice] 1#1: worker process 13 exited with code 0
2022/02/25 11:05:19 [notice] 1#1: signal 29 (SIGIO) received
2022/02/25 11:06:32 [notice] 24#24: signal process started
2022/02/25 11:06:32 [notice] 1#1: signal 1 (SIGHUP) received from 24, reconfiguring
2022/02/25 11:06:32 [notice] 1#1: reconfiguring
2022/02/25 11:06:32 [notice] 1#1: using the "epoll" event method
2022/02/25 11:06:32 [notice] 1#1: start worker processes
2022/02/25 11:06:32 [notice] 1#1: start worker process 26
2022/02/25 11:06:32 [notice] 1#1: start worker process 27
2022/02/25 11:06:32 [notice] 1#1: start worker process 28
2022/02/25 11:06:32 [notice] 1#1: start worker process 29
2022/02/25 11:06:32 [notice] 19#19: gracefully shutting down
2022/02/25 11:06:32 [notice] 21#21: gracefully shutting down
2022/02/25 11:06:32 [notice] 18#18: gracefully shutting down
2022/02/25 11:06:32 [notice] 20#20: gracefully shutting down
2022/02/25 11:06:32 [notice] 19#19: exiting
2022/02/25 11:06:32 [notice] 21#21: exiting
2022/02/25 11:06:32 [notice] 20#20: exiting
2022/02/25 11:06:32 [notice] 21#21: exit
2022/02/25 11:06:32 [notice] 19#19: exit
2022/02/25 11:06:32 [notice] 18#18: exiting
2022/02/25 11:06:32 [notice] 20#20: exit
2022/02/25 11:06:32 [notice] 18#18: exit
2022/02/25 11:06:32 [notice] 1#1: signal 17 (SIGCHLD) received from 18
2022/02/25 11:06:32 [notice] 1#1: worker process 18 exited with code 0
2022/02/25 11:06:32 [notice] 1#1: worker process 19 exited with code 0
2022/02/25 11:06:32 [notice] 1#1: worker process 21 exited with code 0
2022/02/25 11:06:32 [notice] 1#1: signal 29 (SIGIO) received
2022/02/25 11:06:32 [notice] 1#1: signal 17 (SIGCHLD) received from 19
2022/02/25 11:06:32 [notice] 1#1: signal 17 (SIGCHLD) received from 20
2022/02/25 11:06:32 [notice] 1#1: worker process 20 exited with code 0
2022/02/25 11:06:32 [notice] 1#1: signal 29 (SIGIO) received
2022/02/25 11:07:01 [notice] 31#31: signal process started
2022/02/25 11:07:01 [notice] 1#1: signal 1 (SIGHUP) received from 31, reconfiguring
2022/02/25 11:07:01 [notice] 1#1: reconfiguring
2022/02/25 11:07:01 [notice] 1#1: using the "epoll" event method
2022/02/25 11:07:01 [notice] 1#1: start worker processes
2022/02/25 11:07:01 [notice] 1#1: start worker process 32
2022/02/25 11:07:01 [notice] 1#1: start worker process 33
2022/02/25 11:07:01 [notice] 1#1: start worker process 34
2022/02/25 11:07:01 [notice] 1#1: start worker process 35
2022/02/25 11:07:01 [notice] 28#28: gracefully shutting down
2022/02/25 11:07:01 [notice] 28#28: exiting
2022/02/25 11:07:01 [notice] 28#28: exit
2022/02/25 11:07:01 [notice] 26#26: gracefully shutting down
2022/02/25 11:07:01 [notice] 26#26: exiting
2022/02/25 11:07:01 [notice] 26#26: exit
2022/02/25 11:07:01 [notice] 29#29: gracefully shutting down
2022/02/25 11:07:01 [notice] 29#29: exiting
2022/02/25 11:07:01 [notice] 29#29: exit
2022/02/25 11:07:01 [notice] 27#27: gracefully shutting down
2022/02/25 11:07:01 [notice] 27#27: exiting
2022/02/25 11:07:01 [notice] 27#27: exit
2022/02/25 11:07:01 [notice] 1#1: signal 17 (SIGCHLD) received from 28
2022/02/25 11:07:01 [notice] 1#1: worker process 28 exited with code 0
2022/02/25 11:07:01 [notice] 1#1: signal 29 (SIGIO) received
2022/02/25 11:07:01 [notice] 1#1: signal 17 (SIGCHLD) received from 26
2022/02/25 11:07:01 [notice] 1#1: worker process 26 exited with code 0
2022/02/25 11:07:01 [notice] 1#1: signal 29 (SIGIO) received
2022/02/25 11:07:01 [notice] 1#1: signal 17 (SIGCHLD) received from 29
2022/02/25 11:07:01 [notice] 1#1: worker process 29 exited with code 0
2022/02/25 11:07:01 [notice] 1#1: signal 29 (SIGIO) received
2022/02/25 11:07:01 [notice] 1#1: signal 17 (SIGCHLD) received from 27
2022/02/25 11:07:01 [notice] 1#1: worker process 27 exited with code 0
2022/02/25 11:07:01 [notice] 1#1: signal 29 (SIGIO) received
2022/02/25 11:07:54 [notice] 38#38: signal process started
2022/02/25 11:07:54 [notice] 1#1: signal 1 (SIGHUP) received from 38, reconfiguring
2022/02/25 11:07:54 [notice] 1#1: reconfiguring
2022/02/25 11:07:54 [notice] 1#1: using the "epoll" event method
2022/02/25 11:07:54 [notice] 1#1: start worker processes
2022/02/25 11:07:54 [notice] 1#1: start worker process 40
2022/02/25 11:07:54 [notice] 1#1: start worker process 41
2022/02/25 11:07:54 [notice] 1#1: start worker process 42
2022/02/25 11:07:54 [notice] 1#1: start worker process 43
2022/02/25 11:07:54 [notice] 32#32: gracefully shutting down
2022/02/25 11:07:54 [notice] 33#33: gracefully shutting down
2022/02/25 11:07:54 [notice] 34#34: gracefully shutting down
2022/02/25 11:07:54 [notice] 33#33: exiting
2022/02/25 11:07:54 [notice] 34#34: exiting
2022/02/25 11:07:54 [notice] 32#32: exiting
2022/02/25 11:07:54 [notice] 33#33: exit
2022/02/25 11:07:54 [notice] 34#34: exit
2022/02/25 11:07:54 [notice] 32#32: exit
2022/02/25 11:07:54 [notice] 35#35: gracefully shutting down
2022/02/25 11:07:54 [notice] 35#35: exiting
2022/02/25 11:07:54 [notice] 35#35: exit
2022/02/25 11:07:55 [notice] 1#1: signal 17 (SIGCHLD) received from 33
2022/02/25 11:07:55 [notice] 1#1: worker process 33 exited with code 0
2022/02/25 11:07:55 [notice] 1#1: signal 29 (SIGIO) received
2022/02/25 11:07:55 [notice] 1#1: signal 17 (SIGCHLD) received from 35
2022/02/25 11:07:55 [notice] 1#1: worker process 35 exited with code 0
2022/02/25 11:07:55 [notice] 1#1: signal 29 (SIGIO) received
2022/02/25 11:07:55 [notice] 1#1: signal 17 (SIGCHLD) received from 34
2022/02/25 11:07:55 [notice] 1#1: worker process 34 exited with code 0
2022/02/25 11:07:55 [notice] 1#1: signal 29 (SIGIO) received
2022/02/25 11:07:55 [notice] 1#1: signal 17 (SIGCHLD) received from 32
2022/02/25 11:07:55 [notice] 1#1: worker process 32 exited with code 0
2022/02/25 11:07:55 [notice] 1#1: signal 29 (SIGIO) received
2022/02/25 11:08:51 [notice] 45#45: signal process started
2022/02/25 11:08:51 [notice] 1#1: signal 1 (SIGHUP) received from 45, reconfiguring
2022/02/25 11:08:51 [notice] 1#1: reconfiguring
2022/02/25 11:08:51 [notice] 1#1: using the "epoll" event method
2022/02/25 11:08:51 [notice] 1#1: start worker processes
2022/02/25 11:08:51 [notice] 1#1: start worker process 47
2022/02/25 11:08:51 [notice] 1#1: start worker process 48
2022/02/25 11:08:51 [notice] 1#1: start worker process 49
2022/02/25 11:08:51 [notice] 1#1: start worker process 50
2022/02/25 11:08:51 [notice] 43#43: gracefully shutting down
2022/02/25 11:08:51 [notice] 41#41: gracefully shutting down
2022/02/25 11:08:51 [notice] 40#40: gracefully shutting down
2022/02/25 11:08:51 [notice] 43#43: exiting
2022/02/25 11:08:51 [notice] 40#40: exiting
2022/02/25 11:08:51 [notice] 43#43: exit
2022/02/25 11:08:51 [notice] 40#40: exit
2022/02/25 11:08:51 [notice] 41#41: exiting
2022/02/25 11:08:51 [notice] 41#41: exit
2022/02/25 11:08:51 [notice] 42#42: gracefully shutting down
2022/02/25 11:08:51 [notice] 42#42: exiting
2022/02/25 11:08:51 [notice] 42#42: exit
2022/02/25 11:08:51 [notice] 1#1: signal 17 (SIGCHLD) received from 40
2022/02/25 11:08:51 [notice] 1#1: worker process 40 exited with code 0
2022/02/25 11:08:51 [notice] 1#1: signal 29 (SIGIO) received
2022/02/25 11:08:51 [notice] 1#1: signal 17 (SIGCHLD) received from 43
2022/02/25 11:08:51 [notice] 1#1: worker process 42 exited with code 0
2022/02/25 11:08:51 [notice] 1#1: worker process 41 exited with code 0
2022/02/25 11:08:51 [notice] 1#1: worker process 43 exited with code 0
2022/02/25 11:08:51 [notice] 1#1: signal 29 (SIGIO) received
2022/02/25 11:08:51 [notice] 1#1: signal 17 (SIGCHLD) received from 42
2022/02/25 11:17:06 [notice] 52#52: signal process started
2022/02/25 11:17:06 [notice] 1#1: signal 1 (SIGHUP) received from 52, reconfiguring
2022/02/25 11:17:06 [notice] 1#1: reconfiguring
2022/02/25 11:17:06 [notice] 1#1: using the "epoll" event method
2022/02/25 11:17:06 [notice] 1#1: start worker processes
2022/02/25 11:17:06 [notice] 1#1: start worker process 54
2022/02/25 11:17:06 [notice] 1#1: start worker process 55
2022/02/25 11:17:06 [notice] 1#1: start worker process 56
2022/02/25 11:17:06 [notice] 1#1: start worker process 57
2022/02/25 11:17:06 [notice] 47#47: gracefully shutting down
2022/02/25 11:17:06 [notice] 48#48: gracefully shutting down
2022/02/25 11:17:06 [notice] 49#49: gracefully shutting down
2022/02/25 11:17:06 [notice] 47#47: exiting
2022/02/25 11:17:06 [notice] 48#48: exiting
2022/02/25 11:17:06 [notice] 49#49: exiting
2022/02/25 11:17:06 [notice] 47#47: exit
2022/02/25 11:17:06 [notice] 48#48: exit
2022/02/25 11:17:06 [notice] 49#49: exit
2022/02/25 11:17:06 [notice] 50#50: gracefully shutting down
2022/02/25 11:17:06 [notice] 50#50: exiting
2022/02/25 11:17:06 [notice] 50#50: exit
2022/02/25 11:17:06 [notice] 1#1: signal 17 (SIGCHLD) received from 47
2022/02/25 11:17:06 [notice] 1#1: worker process 47 exited with code 0
2022/02/25 11:17:06 [notice] 1#1: worker process 48 exited with code 0
2022/02/25 11:17:06 [notice] 1#1: worker process 50 exited with code 0
2022/02/25 11:17:06 [notice] 1#1: signal 29 (SIGIO) received
2022/02/25 11:17:06 [notice] 1#1: signal 17 (SIGCHLD) received from 48
2022/02/25 11:17:06 [notice] 1#1: signal 17 (SIGCHLD) received from 49
2022/02/25 11:17:06 [notice] 1#1: worker process 49 exited with code 0
2022/02/25 11:17:06 [notice] 1#1: signal 29 (SIGIO) received
2022/02/25 11:17:22 [error] 57#57: *8 open() "/usr/share/nginx/html/dkf" failed (2: No such file or directory), client: 172.19.0.1, server: localhost, request: "GET /dkf HTTP/1.1", host: "localhost:8080"
2022/02/25 11:17:58 [error] 57#57: *8 open() "/usr/share/nginx/html/50x.html" failed (2: No such file or directory), client: 172.19.0.1, server: localhost, request: "GET /50x.html HTTP/1.1", host: "localhost:8080"
2022/02/25 11:18:48 [error] 57#57: *8 open() "/usr/share/nginx/html/505.html" failed (2: No such file or directory), client: 172.19.0.1, server: localhost, request: "GET /505.html HTTP/1.1", host: "localhost:8080"
2022/02/25 11:18:53 [error] 57#57: *8 open() "/usr/share/nginx/html/505" failed (2: No such file or directory), client: 172.19.0.1, server: localhost, request: "GET /505 HTTP/1.1", host: "localhost:8080"
2022/02/25 11:19:00 [error] 57#57: *8 open() "/usr/share/nginx/html/sfsd" failed (2: No such file or directory), client: 172.19.0.1, server: localhost, request: "GET /sfsd HTTP/1.1", host: "localhost:8080"
2022/02/25 11:19:07 [error] 57#57: *8 open() "/usr/share/nginx/html/sfsd" failed (2: No such file or directory), client: 172.19.0.1, server: localhost, request: "GET /sfsd HTTP/1.1", host: "localhost:8080"
2022/02/25 11:19:25 [notice] 59#59: signal process started
2022/02/25 11:19:25 [notice] 1#1: signal 1 (SIGHUP) received from 59, reconfiguring
2022/02/25 11:19:25 [notice] 1#1: reconfiguring
2022/02/25 11:19:25 [notice] 1#1: using the "epoll" event method
2022/02/25 11:19:25 [notice] 1#1: start worker processes
2022/02/25 11:19:25 [notice] 1#1: start worker process 61
2022/02/25 11:19:25 [notice] 1#1: start worker process 62
2022/02/25 11:19:25 [notice] 1#1: start worker process 63
2022/02/25 11:19:25 [notice] 1#1: start worker process 64
2022/02/25 11:19:25 [notice] 54#54: gracefully shutting down
2022/02/25 11:19:25 [notice] 55#55: gracefully shutting down
2022/02/25 11:19:25 [notice] 56#56: gracefully shutting down
2022/02/25 11:19:25 [notice] 54#54: exiting
2022/02/25 11:19:25 [notice] 55#55: exiting
2022/02/25 11:19:25 [notice] 56#56: exiting
2022/02/25 11:19:25 [notice] 55#55: exit
2022/02/25 11:19:25 [notice] 54#54: exit
2022/02/25 11:19:25 [notice] 56#56: exit
2022/02/25 11:19:25 [notice] 57#57: gracefully shutting down
2022/02/25 11:19:25 [notice] 57#57: exiting
2022/02/25 11:19:25 [notice] 57#57: exit
2022/02/25 11:19:25 [notice] 1#1: signal 17 (SIGCHLD) received from 55
2022/02/25 11:19:25 [notice] 1#1: worker process 55 exited with code 0
2022/02/25 11:19:25 [notice] 1#1: signal 29 (SIGIO) received
2022/02/25 11:19:25 [notice] 1#1: signal 17 (SIGCHLD) received from 57
2022/02/25 11:19:25 [notice] 1#1: worker process 54 exited with code 0
2022/02/25 11:19:25 [notice] 1#1: worker process 56 exited with code 0
2022/02/25 11:19:25 [notice] 1#1: worker process 57 exited with code 0
2022/02/25 11:19:25 [notice] 1#1: signal 29 (SIGIO) received
2022/02/25 11:19:25 [notice] 1#1: signal 17 (SIGCHLD) received from 54
2022/02/25 11:19:32 [notice] 66#66: signal process started
2022/02/25 11:19:32 [notice] 1#1: signal 1 (SIGHUP) received from 66, reconfiguring
2022/02/25 11:19:32 [notice] 1#1: reconfiguring
2022/02/25 11:19:32 [notice] 1#1: using the "epoll" event method
2022/02/25 11:19:32 [notice] 1#1: start worker processes
2022/02/25 11:19:32 [notice] 1#1: start worker process 68
2022/02/25 11:19:32 [notice] 1#1: start worker process 69
2022/02/25 11:19:32 [notice] 1#1: start worker process 70
2022/02/25 11:19:32 [notice] 1#1: start worker process 71
2022/02/25 11:19:32 [notice] 62#62: gracefully shutting down
2022/02/25 11:19:32 [notice] 61#61: gracefully shutting down
2022/02/25 11:19:32 [notice] 64#64: gracefully shutting down
2022/02/25 11:19:32 [notice] 62#62: exiting
2022/02/25 11:19:32 [notice] 61#61: exiting
2022/02/25 11:19:32 [notice] 64#64: exiting
2022/02/25 11:19:32 [notice] 61#61: exit
2022/02/25 11:19:32 [notice] 62#62: exit
2022/02/25 11:19:32 [notice] 64#64: exit
2022/02/25 11:19:32 [notice] 63#63: gracefully shutting down
2022/02/25 11:19:32 [notice] 63#63: exiting
2022/02/25 11:19:32 [notice] 63#63: exit
2022/02/25 11:19:32 [notice] 1#1: signal 17 (SIGCHLD) received from 62
2022/02/25 11:19:32 [notice] 1#1: worker process 62 exited with code 0
2022/02/25 11:19:32 [notice] 1#1: worker process 64 exited with code 0
2022/02/25 11:19:32 [notice] 1#1: signal 29 (SIGIO) received
2022/02/25 11:19:32 [notice] 1#1: signal 17 (SIGCHLD) received from 61
2022/02/25 11:19:32 [notice] 1#1: worker process 61 exited with code 0
2022/02/25 11:19:32 [notice] 1#1: signal 29 (SIGIO) received
2022/02/25 11:19:32 [notice] 1#1: signal 17 (SIGCHLD) received from 63
2022/02/25 11:19:32 [notice] 1#1: worker process 63 exited with code 0
2022/02/25 11:19:32 [notice] 1#1: signal 29 (SIGIO) received
2022/02/25 11:19:35 [error] 68#68: *9 open() "/usr/share/nginx/html/sfsd" failed (2: No such file or directory), client: 172.19.0.1, server: localhost, request: "GET /sfsd HTTP/1.1", host: "localhost:8080"
2022/02/25 11:21:41 [notice] 73#73: signal process started
2022/02/25 11:21:41 [notice] 1#1: signal 1 (SIGHUP) received from 73, reconfiguring
2022/02/25 11:21:41 [notice] 1#1: reconfiguring
2022/02/25 11:21:41 [notice] 1#1: using the "epoll" event method
2022/02/25 11:21:41 [notice] 1#1: start worker processes
2022/02/25 11:21:41 [notice] 1#1: start worker process 75
2022/02/25 11:21:41 [notice] 1#1: start worker process 76
2022/02/25 11:21:41 [notice] 1#1: start worker process 77
2022/02/25 11:21:41 [notice] 1#1: start worker process 78
2022/02/25 11:21:41 [notice] 68#68: gracefully shutting down
2022/02/25 11:21:41 [notice] 70#70: gracefully shutting down
2022/02/25 11:21:41 [notice] 68#68: exiting
2022/02/25 11:21:41 [notice] 70#70: exiting
2022/02/25 11:21:41 [notice] 68#68: exit
2022/02/25 11:21:41 [notice] 70#70: exit
2022/02/25 11:21:41 [notice] 71#71: gracefully shutting down
2022/02/25 11:21:41 [notice] 69#69: gracefully shutting down
2022/02/25 11:21:41 [notice] 69#69: exiting
2022/02/25 11:21:41 [notice] 69#69: exit
2022/02/25 11:21:41 [notice] 1#1: signal 17 (SIGCHLD) received from 70
2022/02/25 11:21:41 [notice] 1#1: worker process 68 exited with code 0
2022/02/25 11:21:41 [notice] 1#1: worker process 69 exited with code 0
2022/02/25 11:21:41 [notice] 1#1: worker process 70 exited with code 0
2022/02/25 11:21:41 [notice] 1#1: signal 29 (SIGIO) received
2022/02/25 11:21:41 [notice] 1#1: signal 17 (SIGCHLD) received from 68
2022/02/25 11:22:15 [notice] 71#71: exiting
2022/02/25 11:22:15 [notice] 71#71: exit
2022/02/25 11:22:15 [notice] 1#1: signal 17 (SIGCHLD) received from 71
2022/02/25 11:22:15 [notice] 1#1: worker process 71 exited with code 0
2022/02/25 11:22:15 [notice] 1#1: signal 29 (SIGIO) received
2022/02/25 11:22:20 [notice] 80#80: signal process started
2022/02/25 11:22:20 [notice] 1#1: signal 1 (SIGHUP) received from 80, reconfiguring
2022/02/25 11:22:20 [notice] 1#1: reconfiguring
2022/02/25 11:22:20 [notice] 1#1: using the "epoll" event method
2022/02/25 11:22:20 [notice] 1#1: start worker processes
2022/02/25 11:22:20 [notice] 1#1: start worker process 81
2022/02/25 11:22:20 [notice] 1#1: start worker process 82
2022/02/25 11:22:20 [notice] 1#1: start worker process 83
2022/02/25 11:22:20 [notice] 1#1: start worker process 84
2022/02/25 11:22:20 [notice] 75#75: gracefully shutting down
2022/02/25 11:22:20 [notice] 75#75: exiting
2022/02/25 11:22:20 [notice] 75#75: exit
2022/02/25 11:22:20 [notice] 77#77: gracefully shutting down
2022/02/25 11:22:20 [notice] 77#77: exiting
2022/02/25 11:22:20 [notice] 77#77: exit
2022/02/25 11:22:20 [notice] 78#78: gracefully shutting down
2022/02/25 11:22:20 [notice] 78#78: exiting
2022/02/25 11:22:20 [notice] 78#78: exit
2022/02/25 11:22:20 [notice] 76#76: gracefully shutting down
2022/02/25 11:22:20 [notice] 76#76: exiting
2022/02/25 11:22:20 [notice] 76#76: exit
2022/02/25 11:22:20 [notice] 1#1: signal 17 (SIGCHLD) received from 76
2022/02/25 11:22:20 [notice] 1#1: worker process 76 exited with code 0
2022/02/25 11:22:20 [notice] 1#1: signal 29 (SIGIO) received
2022/02/25 11:22:20 [notice] 1#1: signal 17 (SIGCHLD) received from 77
2022/02/25 11:22:20 [notice] 1#1: worker process 77 exited with code 0
2022/02/25 11:22:20 [notice] 1#1: signal 29 (SIGIO) received
2022/02/25 11:22:20 [notice] 1#1: signal 17 (SIGCHLD) received from 75
2022/02/25 11:22:20 [notice] 1#1: worker process 75 exited with code 0
2022/02/25 11:22:20 [notice] 1#1: signal 29 (SIGIO) received
2022/02/25 11:22:20 [notice] 1#1: signal 17 (SIGCHLD) received from 78
2022/02/25 11:22:20 [notice] 1#1: worker process 78 exited with code 0
2022/02/25 11:22:20 [notice] 1#1: signal 29 (SIGIO) received
2022/02/25 11:22:30 [notice] 87#87: signal process started
2022/02/25 11:22:30 [notice] 1#1: signal 1 (SIGHUP) received from 87, reconfiguring
2022/02/25 11:22:30 [notice] 1#1: reconfiguring
2022/02/25 11:22:30 [notice] 1#1: using the "epoll" event method
2022/02/25 11:22:30 [notice] 1#1: start worker processes
2022/02/25 11:22:30 [notice] 1#1: start worker process 89
2022/02/25 11:22:30 [notice] 1#1: start worker process 90
2022/02/25 11:22:30 [notice] 1#1: start worker process 91
2022/02/25 11:22:30 [notice] 1#1: start worker process 92
2022/02/25 11:22:30 [notice] 81#81: gracefully shutting down
2022/02/25 11:22:30 [notice] 82#82: gracefully shutting down
2022/02/25 11:22:30 [notice] 84#84: gracefully shutting down
2022/02/25 11:22:30 [notice] 81#81: exiting
2022/02/25 11:22:30 [notice] 82#82: exiting
2022/02/25 11:22:30 [notice] 84#84: exiting
2022/02/25 11:22:30 [notice] 81#81: exit
2022/02/25 11:22:30 [notice] 82#82: exit
2022/02/25 11:22:30 [notice] 84#84: exit
2022/02/25 11:22:30 [notice] 83#83: gracefully shutting down
2022/02/25 11:22:30 [notice] 83#83: exiting
2022/02/25 11:22:30 [notice] 83#83: exit
2022/02/25 11:22:30 [notice] 1#1: signal 17 (SIGCHLD) received from 83
2022/02/25 11:22:30 [notice] 1#1: worker process 81 exited with code 0
2022/02/25 11:22:30 [notice] 1#1: worker process 83 exited with code 0
2022/02/25 11:22:30 [notice] 1#1: worker process 84 exited with code 0
2022/02/25 11:22:30 [notice] 1#1: signal 29 (SIGIO) received
2022/02/25 11:22:30 [notice] 1#1: signal 17 (SIGCHLD) received from 84
2022/02/25 11:22:30 [notice] 1#1: signal 17 (SIGCHLD) received from 82
2022/02/25 11:22:30 [notice] 1#1: worker process 82 exited with code 0
2022/02/25 11:22:30 [notice] 1#1: signal 29 (SIGIO) received
2022/02/25 11:24:17 [notice] 94#94: signal process started
2022/02/25 11:24:17 [notice] 1#1: signal 1 (SIGHUP) received from 94, reconfiguring
2022/02/25 11:24:17 [notice] 1#1: reconfiguring
2022/02/25 11:24:17 [notice] 1#1: using the "epoll" event method
2022/02/25 11:24:17 [notice] 1#1: start worker processes
2022/02/25 11:24:17 [notice] 1#1: start worker process 96
2022/02/25 11:24:17 [notice] 1#1: start worker process 97
2022/02/25 11:24:17 [notice] 1#1: start worker process 98
2022/02/25 11:24:17 [notice] 1#1: start worker process 99
2022/02/25 11:24:17 [notice] 91#91: gracefully shutting down
2022/02/25 11:24:17 [notice] 91#91: exiting
2022/02/25 11:24:17 [notice] 91#91: exit
2022/02/25 11:24:17 [notice] 92#92: gracefully shutting down
2022/02/25 11:24:17 [notice] 92#92: exiting
2022/02/25 11:24:17 [notice] 92#92: exit
2022/02/25 11:24:17 [notice] 89#89: gracefully shutting down
2022/02/25 11:24:17 [notice] 89#89: exiting
2022/02/25 11:24:17 [notice] 89#89: exit
2022/02/25 11:24:17 [notice] 90#90: gracefully shutting down
2022/02/25 11:24:17 [notice] 90#90: exiting
2022/02/25 11:24:17 [notice] 90#90: exit
2022/02/25 11:24:17 [notice] 1#1: signal 17 (SIGCHLD) received from 89
2022/02/25 11:24:17 [notice] 1#1: worker process 89 exited with code 0
2022/02/25 11:24:17 [notice] 1#1: worker process 90 exited with code 0
2022/02/25 11:24:17 [notice] 1#1: worker process 92 exited with code 0
2022/02/25 11:24:17 [notice] 1#1: signal 29 (SIGIO) received
2022/02/25 11:24:17 [notice] 1#1: signal 17 (SIGCHLD) received from 90
2022/02/25 11:24:17 [notice] 1#1: signal 17 (SIGCHLD) received from 91
2022/02/25 11:24:17 [notice] 1#1: worker process 91 exited with code 0
2022/02/25 11:24:17 [notice] 1#1: signal 29 (SIGIO) received
2022/02/25 11:24:22 [notice] 101#101: signal process started
2022/02/25 11:24:22 [notice] 1#1: signal 1 (SIGHUP) received from 101, reconfiguring
2022/02/25 11:24:22 [notice] 1#1: reconfiguring
2022/02/25 11:24:22 [notice] 1#1: using the "epoll" event method
2022/02/25 11:24:22 [notice] 1#1: start worker processes
2022/02/25 11:24:22 [notice] 1#1: start worker process 102
2022/02/25 11:24:22 [notice] 1#1: start worker process 103
2022/02/25 11:24:22 [notice] 1#1: start worker process 104
2022/02/25 11:24:22 [notice] 1#1: start worker process 105
2022/02/25 11:24:22 [notice] 96#96: gracefully shutting down
2022/02/25 11:24:22 [notice] 97#97: gracefully shutting down
2022/02/25 11:24:22 [notice] 98#98: gracefully shutting down
2022/02/25 11:24:22 [notice] 96#96: exiting
2022/02/25 11:24:22 [notice] 97#97: exiting
2022/02/25 11:24:22 [notice] 98#98: exiting
2022/02/25 11:24:22 [notice] 96#96: exit
2022/02/25 11:24:22 [notice] 97#97: exit
2022/02/25 11:24:22 [notice] 98#98: exit
2022/02/25 11:24:22 [notice] 99#99: gracefully shutting down
2022/02/25 11:24:22 [notice] 99#99: exiting
2022/02/25 11:24:22 [notice] 99#99: exit
2022/02/25 11:24:22 [notice] 1#1: signal 17 (SIGCHLD) received from 98
2022/02/25 11:24:22 [notice] 1#1: worker process 97 exited with code 0
2022/02/25 11:24:22 [notice] 1#1: worker process 98 exited with code 0
2022/02/25 11:24:22 [notice] 1#1: worker process 99 exited with code 0
2022/02/25 11:24:22 [notice] 1#1: signal 29 (SIGIO) received
2022/02/25 11:24:22 [notice] 1#1: signal 17 (SIGCHLD) received from 97
2022/02/25 11:24:22 [notice] 1#1: signal 17 (SIGCHLD) received from 96
2022/02/25 11:24:22 [notice] 1#1: worker process 96 exited with code 0
2022/02/25 11:24:22 [notice] 1#1: signal 29 (SIGIO) received
2022/02/25 11:30:51 [emerg] 107#107: unknown directive "redirect" in /etc/nginx/conf.d/mysite.conf:13
2022/02/25 11:32:28 [notice] 110#110: signal process started
2022/02/25 11:32:28 [notice] 1#1: signal 1 (SIGHUP) received from 110, reconfiguring
2022/02/25 11:32:28 [notice] 1#1: reconfiguring
2022/02/25 11:32:28 [notice] 1#1: using the "epoll" event method
2022/02/25 11:32:28 [notice] 1#1: start worker processes
2022/02/25 11:32:28 [notice] 1#1: start worker process 112
2022/02/25 11:32:28 [notice] 1#1: start worker process 113
2022/02/25 11:32:28 [notice] 1#1: start worker process 114
2022/02/25 11:32:28 [notice] 1#1: start worker process 115
2022/02/25 11:32:29 [notice] 102#102: gracefully shutting down
2022/02/25 11:32:29 [notice] 103#103: gracefully shutting down
2022/02/25 11:32:29 [notice] 102#102: exiting
2022/02/25 11:32:29 [notice] 103#103: exiting
2022/02/25 11:32:29 [notice] 102#102: exit
2022/02/25 11:32:29 [notice] 103#103: exit
2022/02/25 11:32:29 [notice] 104#104: gracefully shutting down
2022/02/25 11:32:29 [notice] 105#105: gracefully shutting down
2022/02/25 11:32:29 [notice] 104#104: exiting
2022/02/25 11:32:29 [notice] 105#105: exiting
2022/02/25 11:32:29 [notice] 105#105: exit
2022/02/25 11:32:29 [notice] 104#104: exit
2022/02/25 11:32:29 [notice] 1#1: signal 17 (SIGCHLD) received from 103
2022/02/25 11:32:29 [notice] 1#1: worker process 102 exited with code 0
2022/02/25 11:32:29 [notice] 1#1: worker process 103 exited with code 0
2022/02/25 11:32:29 [notice] 1#1: signal 29 (SIGIO) received
2022/02/25 11:32:29 [notice] 1#1: signal 17 (SIGCHLD) received from 104
2022/02/25 11:32:29 [notice] 1#1: worker process 104 exited with code 0
2022/02/25 11:32:29 [notice] 1#1: signal 29 (SIGIO) received
2022/02/25 11:32:29 [notice] 1#1: signal 17 (SIGCHLD) received from 105
2022/02/25 11:32:29 [notice] 1#1: worker process 105 exited with code 0
2022/02/25 11:32:29 [notice] 1#1: signal 29 (SIGIO) received
2022/02/25 11:32:33 [error] 113#113: *17 open() "/usr/share/nginx/html/bye" failed (2: No such file or directory), client: 172.19.0.1, server: localhost, request: "GET /bye HTTP/1.0", host: "localhost"
2022/02/25 11:32:34 [error] 112#112: *18 open() "/usr/share/nginx/html/favicon.ico" failed (2: No such file or directory), client: 172.19.0.1, server: localhost, request: "GET /favicon.ico HTTP/1.0", host: "localhost", referrer: "http://localhost/bye"
2022/02/25 11:33:00 [notice] 117#117: signal process started
2022/02/25 11:33:00 [notice] 1#1: signal 1 (SIGHUP) received from 117, reconfiguring
2022/02/25 11:33:00 [notice] 1#1: reconfiguring
2022/02/25 11:33:00 [notice] 1#1: using the "epoll" event method
2022/02/25 11:33:00 [notice] 1#1: start worker processes
2022/02/25 11:33:00 [notice] 1#1: start worker process 119
2022/02/25 11:33:00 [notice] 1#1: start worker process 120
2022/02/25 11:33:00 [notice] 1#1: start worker process 121
2022/02/25 11:33:00 [notice] 1#1: start worker process 122
2022/02/25 11:33:00 [notice] 112#112: gracefully shutting down
2022/02/25 11:33:00 [notice] 113#113: gracefully shutting down
2022/02/25 11:33:00 [notice] 112#112: exiting
2022/02/25 11:33:00 [notice] 113#113: exiting
2022/02/25 11:33:00 [notice] 112#112: exit
2022/02/25 11:33:00 [notice] 113#113: exit
2022/02/25 11:33:00 [notice] 115#115: gracefully shutting down
2022/02/25 11:33:00 [notice] 114#114: gracefully shutting down
2022/02/25 11:33:00 [notice] 115#115: exiting
2022/02/25 11:33:00 [notice] 115#115: exit
2022/02/25 11:33:00 [notice] 114#114: exiting
2022/02/25 11:33:00 [notice] 114#114: exit
2022/02/25 11:33:00 [notice] 1#1: signal 17 (SIGCHLD) received from 113
2022/02/25 11:33:00 [notice] 1#1: worker process 113 exited with code 0
2022/02/25 11:33:00 [notice] 1#1: signal 29 (SIGIO) received
2022/02/25 11:33:00 [notice] 1#1: signal 17 (SIGCHLD) received from 115
2022/02/25 11:33:00 [notice] 1#1: worker process 115 exited with code 0
2022/02/25 11:33:00 [notice] 1#1: signal 29 (SIGIO) received
2022/02/25 11:33:00 [notice] 1#1: signal 17 (SIGCHLD) received from 112
2022/02/25 11:33:00 [notice] 1#1: worker process 112 exited with code 0
2022/02/25 11:33:00 [notice] 1#1: signal 29 (SIGIO) received
2022/02/25 11:33:00 [notice] 1#1: signal 17 (SIGCHLD) received from 114
2022/02/25 11:33:00 [notice] 1#1: worker process 114 exited with code 0
2022/02/25 11:33:00 [notice] 1#1: signal 29 (SIGIO) received
2022/02/25 11:33:14 [notice] 124#124: signal process started
2022/02/25 11:33:14 [notice] 1#1: signal 1 (SIGHUP) received from 124, reconfiguring
2022/02/25 11:33:14 [notice] 1#1: reconfiguring
2022/02/25 11:33:14 [notice] 1#1: using the "epoll" event method
2022/02/25 11:33:14 [notice] 1#1: start worker processes
2022/02/25 11:33:14 [notice] 1#1: start worker process 126
2022/02/25 11:33:14 [notice] 1#1: start worker process 127
2022/02/25 11:33:14 [notice] 1#1: start worker process 128
2022/02/25 11:33:14 [notice] 1#1: start worker process 129
2022/02/25 11:33:14 [notice] 120#120: gracefully shutting down
2022/02/25 11:33:14 [notice] 121#121: gracefully shutting down
2022/02/25 11:33:14 [notice] 122#122: gracefully shutting down
2022/02/25 11:33:14 [notice] 120#120: exiting
2022/02/25 11:33:14 [notice] 121#121: exiting
2022/02/25 11:33:14 [notice] 122#122: exiting
2022/02/25 11:33:14 [notice] 120#120: exit
2022/02/25 11:33:14 [notice] 121#121: exit
2022/02/25 11:33:14 [notice] 122#122: exit
2022/02/25 11:33:14 [notice] 119#119: gracefully shutting down
2022/02/25 11:33:14 [notice] 119#119: exiting
2022/02/25 11:33:14 [notice] 119#119: exit
2022/02/25 11:33:14 [notice] 1#1: signal 17 (SIGCHLD) received from 121
2022/02/25 11:33:14 [notice] 1#1: worker process 121 exited with code 0
2022/02/25 11:33:14 [notice] 1#1: signal 29 (SIGIO) received
2022/02/25 11:33:14 [notice] 1#1: signal 17 (SIGCHLD) received from 120
2022/02/25 11:33:14 [notice] 1#1: worker process 120 exited with code 0
2022/02/25 11:33:14 [notice] 1#1: signal 29 (SIGIO) received
2022/02/25 11:33:14 [notice] 1#1: signal 17 (SIGCHLD) received from 122
2022/02/25 11:33:14 [notice] 1#1: worker process 119 exited with code 0
2022/02/25 11:33:14 [notice] 1#1: worker process 122 exited with code 0
2022/02/25 11:33:14 [notice] 1#1: signal 29 (SIGIO) received
2022/02/25 11:34:29 [notice] 131#131: signal process started
2022/02/25 11:34:29 [notice] 1#1: signal 1 (SIGHUP) received from 131, reconfiguring
2022/02/25 11:34:29 [notice] 1#1: reconfiguring
2022/02/25 11:34:29 [notice] 1#1: using the "epoll" event method
2022/02/25 11:34:29 [notice] 1#1: start worker processes
2022/02/25 11:34:29 [notice] 1#1: start worker process 133
2022/02/25 11:34:29 [notice] 1#1: start worker process 134
2022/02/25 11:34:29 [notice] 1#1: start worker process 135
2022/02/25 11:34:29 [notice] 1#1: start worker process 136
2022/02/25 11:34:29 [notice] 126#126: gracefully shutting down
2022/02/25 11:34:29 [notice] 127#127: gracefully shutting down
2022/02/25 11:34:29 [notice] 126#126: exiting
2022/02/25 11:34:29 [notice] 126#126: exit
2022/02/25 11:34:29 [notice] 127#127: exiting
2022/02/25 11:34:29 [notice] 127#127: exit
2022/02/25 11:34:29 [notice] 128#128: gracefully shutting down
2022/02/25 11:34:29 [notice] 128#128: exiting
2022/02/25 11:34:29 [notice] 128#128: exit
2022/02/25 11:34:29 [notice] 129#129: gracefully shutting down
2022/02/25 11:34:29 [notice] 129#129: exiting
2022/02/25 11:34:29 [notice] 129#129: exit
2022/02/25 11:34:29 [notice] 1#1: signal 17 (SIGCHLD) received from 128
2022/02/25 11:34:29 [notice] 1#1: worker process 127 exited with code 0
2022/02/25 11:34:29 [notice] 1#1: worker process 128 exited with code 0
2022/02/25 11:34:29 [notice] 1#1: signal 29 (SIGIO) received
2022/02/25 11:34:29 [notice] 1#1: signal 17 (SIGCHLD) received from 126
2022/02/25 11:34:29 [notice] 1#1: worker process 126 exited with code 0
2022/02/25 11:34:29 [notice] 1#1: signal 29 (SIGIO) received
2022/02/25 11:34:29 [notice] 1#1: signal 17 (SIGCHLD) received from 129
2022/02/25 11:34:29 [notice] 1#1: worker process 129 exited with code 0
2022/02/25 11:34:29 [notice] 1#1: signal 29 (SIGIO) received
2022/02/25 11:34:54 [emerg] 137#137: unknown "port" variable
2022/02/25 11:36:33 [emerg] 139#139: unknown "port" variable
2022/02/25 11:36:42 [notice] 1#1: signal 3 (SIGQUIT) received, shutting down
2022/02/25 11:36:42 [notice] 133#133: gracefully shutting down
2022/02/25 11:36:42 [notice] 134#134: gracefully shutting down
2022/02/25 11:36:42 [notice] 134#134: exiting
2022/02/25 11:36:42 [notice] 133#133: exiting
2022/02/25 11:36:42 [notice] 134#134: exit
2022/02/25 11:36:42 [notice] 133#133: exit
2022/02/25 11:36:42 [notice] 136#136: gracefully shutting down
2022/02/25 11:36:42 [notice] 135#135: gracefully shutting down
2022/02/25 11:36:42 [notice] 136#136: exiting
2022/02/25 11:36:42 [notice] 135#135: exiting
2022/02/25 11:36:42 [notice] 136#136: exit
2022/02/25 11:36:42 [notice] 135#135: exit
2022/02/25 11:36:42 [notice] 1#1: signal 17 (SIGCHLD) received from 133
2022/02/25 11:36:42 [notice] 1#1: worker process 133 exited with code 0
2022/02/25 11:36:42 [notice] 1#1: worker process 136 exited with code 0
2022/02/25 11:36:42 [notice] 1#1: signal 29 (SIGIO) received
2022/02/25 11:36:42 [notice] 1#1: signal 17 (SIGCHLD) received from 136
2022/02/25 11:36:42 [notice] 1#1: signal 17 (SIGCHLD) received from 134
2022/02/25 11:36:42 [notice] 1#1: worker process 134 exited with code 0
2022/02/25 11:36:42 [notice] 1#1: worker process 135 exited with code 0
2022/02/25 11:36:42 [notice] 1#1: exit
2022/02/25 11:37:14 [notice] 1#1: using the "epoll" event method
2022/02/25 11:37:14 [notice] 1#1: nginx/1.21.6
2022/02/25 11:37:14 [notice] 1#1: built by gcc 10.2.1 20210110 (Debian 10.2.1-6) 
2022/02/25 11:37:14 [notice] 1#1: OS: Linux 5.13.0-28-generic
2022/02/25 11:37:14 [notice] 1#1: getrlimit(RLIMIT_NOFILE): 1048576:1048576
2022/02/25 11:37:14 [notice] 1#1: start worker processes
2022/02/25 11:37:14 [notice] 1#1: start worker process 10
2022/02/25 11:37:14 [notice] 1#1: start worker process 11
2022/02/25 11:37:14 [notice] 1#1: start worker process 12
2022/02/25 11:37:14 [notice] 1#1: start worker process 13
2022/02/25 11:37:58 [notice] 1#1: signal 3 (SIGQUIT) received, shutting down
2022/02/25 11:37:58 [notice] 10#10: gracefully shutting down
2022/02/25 11:37:58 [notice] 10#10: exiting
2022/02/25 11:37:58 [notice] 10#10: exit
2022/02/25 11:37:58 [notice] 12#12: gracefully shutting down
2022/02/25 11:37:58 [notice] 13#13: gracefully shutting down
2022/02/25 11:37:58 [notice] 12#12: exiting
2022/02/25 11:37:58 [notice] 13#13: exiting
2022/02/25 11:37:58 [notice] 12#12: exit
2022/02/25 11:37:58 [notice] 13#13: exit
2022/02/25 11:37:58 [notice] 11#11: gracefully shutting down
2022/02/25 11:37:58 [notice] 11#11: exiting
2022/02/25 11:37:58 [notice] 11#11: exit
2022/02/25 11:37:58 [notice] 1#1: signal 17 (SIGCHLD) received from 12
2022/02/25 11:37:58 [notice] 1#1: worker process 10 exited with code 0
2022/02/25 11:37:58 [notice] 1#1: worker process 12 exited with code 0
2022/02/25 11:37:58 [notice] 1#1: signal 29 (SIGIO) received
2022/02/25 11:37:58 [notice] 1#1: signal 17 (SIGCHLD) received from 10
2022/02/25 11:37:58 [notice] 1#1: worker process 11 exited with code 0
2022/02/25 11:37:58 [notice] 1#1: signal 29 (SIGIO) received
2022/02/25 11:37:58 [notice] 1#1: signal 17 (SIGCHLD) received from 13
2022/02/25 11:37:58 [notice] 1#1: worker process 13 exited with code 0
2022/02/25 11:37:58 [notice] 1#1: exit
